mode: atomic
github.com/srodi/ebpf-server/docs/swagger/docs.go:332.13,334.2 1 0
github.com/srodi/ebpf-server/cmd/server/main.go:20.13,28.44 3 0
github.com/srodi/ebpf-server/cmd/server/main.go:28.44,30.3 1 0
github.com/srodi/ebpf-server/cmd/server/main.go:33.2,37.12 4 0
github.com/srodi/ebpf-server/cmd/server/main.go:37.12,42.3 4 0
github.com/srodi/ebpf-server/cmd/server/main.go:45.2,62.67 10 0
github.com/srodi/ebpf-server/cmd/server/main.go:62.67,63.24 1 0
github.com/srodi/ebpf-server/cmd/server/main.go:63.24,66.4 2 0
github.com/srodi/ebpf-server/cmd/server/main.go:68.3,88.20 3 0
github.com/srodi/ebpf-server/cmd/server/main.go:88.20,90.4 1 0
github.com/srodi/ebpf-server/cmd/server/main.go:93.2,105.12 3 0
github.com/srodi/ebpf-server/cmd/server/main.go:105.12,106.84 1 0
github.com/srodi/ebpf-server/cmd/server/main.go:106.84,108.4 1 0
github.com/srodi/ebpf-server/cmd/server/main.go:112.2,118.57 4 0
github.com/srodi/ebpf-server/cmd/server/main.go:118.57,120.3 1 0
github.com/srodi/ebpf-server/cmd/server/main.go:122.2,122.41 1 0
github.com/srodi/ebpf-server/docs/swagger/docs.go:332.13,334.2 1 1
github.com/srodi/ebpf-server/internal/bpf/base.go:27.37,29.2 1 14
github.com/srodi/ebpf-server/internal/bpf/base.go:32.43,34.2 1 0
github.com/srodi/ebpf-server/internal/bpf/base.go:37.41,40.53 2 8
github.com/srodi/ebpf-server/internal/bpf/base.go:40.53,42.3 1 38
github.com/srodi/ebpf-server/internal/bpf/base.go:43.2,43.20 1 8
github.com/srodi/ebpf-server/internal/bpf/base.go:47.50,48.25 1 34
github.com/srodi/ebpf-server/internal/bpf/base.go:48.25,50.3 1 0
github.com/srodi/ebpf-server/internal/bpf/base.go:51.2,51.42 1 34
github.com/srodi/ebpf-server/internal/bpf/base.go:55.36,56.25 1 13
github.com/srodi/ebpf-server/internal/bpf/base.go:56.25,58.3 1 1
github.com/srodi/ebpf-server/internal/bpf/base.go:59.2,59.17 1 13
github.com/srodi/ebpf-server/internal/bpf/base.go:63.26,66.16 2 1
github.com/srodi/ebpf-server/internal/bpf/base.go:66.16,70.3 3 1
github.com/srodi/ebpf-server/internal/bpf/base.go:73.2,75.16 3 0
github.com/srodi/ebpf-server/internal/bpf/base.go:75.16,79.3 3 0
github.com/srodi/ebpf-server/internal/bpf/base.go:82.2,84.89 2 0
github.com/srodi/ebpf-server/internal/bpf/loader.go:24.56,26.2 1 2
github.com/srodi/ebpf-server/internal/bpf/loader.go:28.50,30.2 1 2
github.com/srodi/ebpf-server/internal/bpf/loader.go:32.56,34.2 1 0
github.com/srodi/ebpf-server/internal/bpf/loader.go:36.63,39.2 2 2
github.com/srodi/ebpf-server/internal/bpf/loader.go:46.56,48.2 1 2
github.com/srodi/ebpf-server/internal/bpf/loader.go:50.50,52.2 1 2
github.com/srodi/ebpf-server/internal/bpf/loader.go:54.56,56.2 1 0
github.com/srodi/ebpf-server/internal/bpf/loader.go:58.63,61.2 2 2
github.com/srodi/ebpf-server/internal/bpf/loader.go:68.53,70.2 1 2
github.com/srodi/ebpf-server/internal/bpf/loader.go:72.60,74.2 1 2
github.com/srodi/ebpf-server/internal/bpf/loader.go:76.59,78.2 1 1
github.com/srodi/ebpf-server/internal/bpf/loader.go:80.49,82.2 1 1
github.com/srodi/ebpf-server/internal/bpf/loader.go:84.51,86.2 1 0
github.com/srodi/ebpf-server/internal/bpf/loader.go:88.69,90.2 1 0
github.com/srodi/ebpf-server/internal/bpf/loader.go:92.49,94.2 1 0
github.com/srodi/ebpf-server/internal/bpf/loader.go:96.53,98.2 1 0
github.com/srodi/ebpf-server/internal/bpf/loader.go:100.70,102.2 1 0
github.com/srodi/ebpf-server/internal/bpf/loader.go:104.100,107.2 2 2
github.com/srodi/ebpf-server/internal/bpf/loader.go:109.73,111.65 2 0
github.com/srodi/ebpf-server/internal/bpf/loader.go:111.65,113.3 1 0
github.com/srodi/ebpf-server/internal/bpf/loader.go:114.2,114.36 1 0
github.com/srodi/ebpf-server/internal/bpf/loader.go:122.53,124.2 1 2
github.com/srodi/ebpf-server/internal/bpf/loader.go:126.60,128.2 1 2
github.com/srodi/ebpf-server/internal/bpf/loader.go:130.59,132.2 1 1
github.com/srodi/ebpf-server/internal/bpf/loader.go:134.49,136.2 1 0
github.com/srodi/ebpf-server/internal/bpf/loader.go:138.51,140.2 1 0
github.com/srodi/ebpf-server/internal/bpf/loader.go:142.69,144.2 1 0
github.com/srodi/ebpf-server/internal/bpf/loader.go:146.49,148.2 1 0
github.com/srodi/ebpf-server/internal/bpf/loader.go:150.53,152.2 1 0
github.com/srodi/ebpf-server/internal/bpf/loader.go:154.70,156.2 1 0
github.com/srodi/ebpf-server/internal/bpf/loader.go:158.100,161.2 2 2
github.com/srodi/ebpf-server/internal/bpf/loader.go:163.73,165.60 2 0
github.com/srodi/ebpf-server/internal/bpf/loader.go:165.60,167.3 1 0
github.com/srodi/ebpf-server/internal/bpf/loader.go:168.2,168.36 1 0
github.com/srodi/ebpf-server/internal/bpf/loader.go:193.68,201.2 1 0
github.com/srodi/ebpf-server/internal/bpf/loader.go:203.46,205.2 1 0
github.com/srodi/ebpf-server/internal/bpf/loader.go:207.53,209.2 1 0
github.com/srodi/ebpf-server/internal/bpf/loader.go:211.52,213.2 1 0
github.com/srodi/ebpf-server/internal/bpf/loader.go:215.42,217.16 2 0
github.com/srodi/ebpf-server/internal/bpf/loader.go:217.16,219.3 1 0
github.com/srodi/ebpf-server/internal/bpf/loader.go:221.2,222.16 2 0
github.com/srodi/ebpf-server/internal/bpf/loader.go:222.16,224.3 1 0
github.com/srodi/ebpf-server/internal/bpf/loader.go:226.2,230.12 4 0
github.com/srodi/ebpf-server/internal/bpf/loader.go:233.44,234.25 1 0
github.com/srodi/ebpf-server/internal/bpf/loader.go:234.25,236.3 1 0
github.com/srodi/ebpf-server/internal/bpf/loader.go:238.2,239.17 2 0
github.com/srodi/ebpf-server/internal/bpf/loader.go:239.17,241.3 1 0
github.com/srodi/ebpf-server/internal/bpf/loader.go:243.2,244.16 2 0
github.com/srodi/ebpf-server/internal/bpf/loader.go:244.16,246.3 1 0
github.com/srodi/ebpf-server/internal/bpf/loader.go:248.2,251.16 3 0
github.com/srodi/ebpf-server/internal/bpf/loader.go:251.16,254.3 2 0
github.com/srodi/ebpf-server/internal/bpf/loader.go:256.2,258.12 3 0
github.com/srodi/ebpf-server/internal/bpf/loader.go:261.62,262.21 1 0
github.com/srodi/ebpf-server/internal/bpf/loader.go:262.21,264.3 1 0
github.com/srodi/ebpf-server/internal/bpf/loader.go:266.2,266.15 1 0
github.com/srodi/ebpf-server/internal/bpf/loader.go:266.15,268.3 1 0
github.com/srodi/ebpf-server/internal/bpf/loader.go:270.2,276.12 5 0
github.com/srodi/ebpf-server/internal/bpf/loader.go:279.42,280.16 1 0
github.com/srodi/ebpf-server/internal/bpf/loader.go:280.16,282.3 1 0
github.com/srodi/ebpf-server/internal/bpf/loader.go:284.2,284.21 1 0
github.com/srodi/ebpf-server/internal/bpf/loader.go:284.21,286.3 1 0
github.com/srodi/ebpf-server/internal/bpf/loader.go:288.2,288.21 1 0
github.com/srodi/ebpf-server/internal/bpf/loader.go:288.21,291.3 2 0
github.com/srodi/ebpf-server/internal/bpf/loader.go:293.2,293.28 1 0
github.com/srodi/ebpf-server/internal/bpf/loader.go:293.28,294.15 1 0
github.com/srodi/ebpf-server/internal/bpf/loader.go:294.15,296.4 1 0
github.com/srodi/ebpf-server/internal/bpf/loader.go:298.2,300.25 2 0
github.com/srodi/ebpf-server/internal/bpf/loader.go:300.25,303.3 2 0
github.com/srodi/ebpf-server/internal/bpf/loader.go:305.2,309.12 4 0
github.com/srodi/ebpf-server/internal/bpf/loader.go:312.46,314.2 1 0
github.com/srodi/ebpf-server/internal/bpf/loader.go:316.63,318.2 1 0
github.com/srodi/ebpf-server/internal/bpf/loader.go:320.93,323.2 2 0
github.com/srodi/ebpf-server/internal/bpf/loader.go:325.66,327.59 2 0
github.com/srodi/ebpf-server/internal/bpf/loader.go:327.59,329.3 1 0
github.com/srodi/ebpf-server/internal/bpf/loader.go:330.2,330.36 1 0
github.com/srodi/ebpf-server/internal/bpf/loader.go:333.45,336.6 2 0
github.com/srodi/ebpf-server/internal/bpf/loader.go:336.6,337.10 1 0
github.com/srodi/ebpf-server/internal/bpf/loader.go:338.23,340.10 2 0
github.com/srodi/ebpf-server/internal/bpf/loader.go:341.11,343.18 2 0
github.com/srodi/ebpf-server/internal/bpf/loader.go:343.18,344.27 1 0
github.com/srodi/ebpf-server/internal/bpf/loader.go:344.27,346.6 1 0
github.com/srodi/ebpf-server/internal/bpf/loader.go:347.5,348.13 2 0
github.com/srodi/ebpf-server/internal/bpf/loader.go:351.4,351.59 1 0
github.com/srodi/ebpf-server/internal/bpf/loader.go:351.59,353.5 1 0
github.com/srodi/ebpf-server/internal/bpf/loader.go:358.61,359.20 1 0
github.com/srodi/ebpf-server/internal/bpf/loader.go:359.20,361.3 1 0
github.com/srodi/ebpf-server/internal/bpf/loader.go:363.2,381.30 14 0
github.com/srodi/ebpf-server/internal/bpf/loader.go:381.30,383.3 1 0
github.com/srodi/ebpf-server/internal/bpf/loader.go:383.8,383.36 1 0
github.com/srodi/ebpf-server/internal/bpf/loader.go:383.36,384.33 1 0
github.com/srodi/ebpf-server/internal/bpf/loader.go:384.33,386.4 1 0
github.com/srodi/ebpf-server/internal/bpf/loader.go:390.2,390.29 1 0
github.com/srodi/ebpf-server/internal/bpf/loader.go:390.29,392.3 1 0
github.com/srodi/ebpf-server/internal/bpf/loader.go:395.2,396.49 2 0
github.com/srodi/ebpf-server/internal/bpf/loader.go:396.49,398.3 1 0
github.com/srodi/ebpf-server/internal/bpf/loader.go:401.2,401.9 1 0
github.com/srodi/ebpf-server/internal/bpf/loader.go:402.30,402.30 0 0
github.com/srodi/ebpf-server/internal/bpf/loader.go:403.10,404.64 1 0
github.com/srodi/ebpf-server/internal/bpf/loader.go:407.2,410.12 2 0
github.com/srodi/ebpf-server/internal/bpf/loader.go:435.68,443.2 1 0
github.com/srodi/ebpf-server/internal/bpf/loader.go:445.46,447.2 1 0
github.com/srodi/ebpf-server/internal/bpf/loader.go:449.53,451.2 1 0
github.com/srodi/ebpf-server/internal/bpf/loader.go:453.52,455.2 1 0
github.com/srodi/ebpf-server/internal/bpf/loader.go:457.42,459.16 2 0
github.com/srodi/ebpf-server/internal/bpf/loader.go:459.16,461.3 1 0
github.com/srodi/ebpf-server/internal/bpf/loader.go:463.2,464.16 2 0
github.com/srodi/ebpf-server/internal/bpf/loader.go:464.16,466.3 1 0
github.com/srodi/ebpf-server/internal/bpf/loader.go:468.2,472.12 4 0
github.com/srodi/ebpf-server/internal/bpf/loader.go:475.44,476.25 1 0
github.com/srodi/ebpf-server/internal/bpf/loader.go:476.25,478.3 1 0
github.com/srodi/ebpf-server/internal/bpf/loader.go:480.2,483.70 2 0
github.com/srodi/ebpf-server/internal/bpf/loader.go:483.70,485.17 2 0
github.com/srodi/ebpf-server/internal/bpf/loader.go:485.17,487.4 1 0
github.com/srodi/ebpf-server/internal/bpf/loader.go:487.9,491.4 3 0
github.com/srodi/ebpf-server/internal/bpf/loader.go:495.2,495.69 1 0
github.com/srodi/ebpf-server/internal/bpf/loader.go:495.69,497.17 2 0
github.com/srodi/ebpf-server/internal/bpf/loader.go:497.17,499.4 1 0
github.com/srodi/ebpf-server/internal/bpf/loader.go:499.9,503.4 3 0
github.com/srodi/ebpf-server/internal/bpf/loader.go:506.2,506.24 1 0
github.com/srodi/ebpf-server/internal/bpf/loader.go:506.24,508.3 1 0
github.com/srodi/ebpf-server/internal/bpf/loader.go:510.2,511.16 2 0
github.com/srodi/ebpf-server/internal/bpf/loader.go:511.16,512.29 1 0
github.com/srodi/ebpf-server/internal/bpf/loader.go:512.29,514.4 1 0
github.com/srodi/ebpf-server/internal/bpf/loader.go:515.3,515.68 1 0
github.com/srodi/ebpf-server/internal/bpf/loader.go:518.2,520.12 3 0
github.com/srodi/ebpf-server/internal/bpf/loader.go:523.62,524.21 1 0
github.com/srodi/ebpf-server/internal/bpf/loader.go:524.21,526.3 1 0
github.com/srodi/ebpf-server/internal/bpf/loader.go:528.2,528.15 1 0
github.com/srodi/ebpf-server/internal/bpf/loader.go:528.15,530.3 1 0
github.com/srodi/ebpf-server/internal/bpf/loader.go:532.2,538.12 5 0
github.com/srodi/ebpf-server/internal/bpf/loader.go:541.42,542.16 1 0
github.com/srodi/ebpf-server/internal/bpf/loader.go:542.16,544.3 1 0
github.com/srodi/ebpf-server/internal/bpf/loader.go:546.2,546.21 1 0
github.com/srodi/ebpf-server/internal/bpf/loader.go:546.21,548.3 1 0
github.com/srodi/ebpf-server/internal/bpf/loader.go:550.2,550.21 1 0
github.com/srodi/ebpf-server/internal/bpf/loader.go:550.21,553.3 2 0
github.com/srodi/ebpf-server/internal/bpf/loader.go:555.2,555.28 1 0
github.com/srodi/ebpf-server/internal/bpf/loader.go:555.28,556.15 1 0
github.com/srodi/ebpf-server/internal/bpf/loader.go:556.15,558.4 1 0
github.com/srodi/ebpf-server/internal/bpf/loader.go:560.2,562.25 2 0
github.com/srodi/ebpf-server/internal/bpf/loader.go:562.25,565.3 2 0
github.com/srodi/ebpf-server/internal/bpf/loader.go:567.2,571.12 4 0
github.com/srodi/ebpf-server/internal/bpf/loader.go:574.46,576.2 1 0
github.com/srodi/ebpf-server/internal/bpf/loader.go:578.63,580.2 1 0
github.com/srodi/ebpf-server/internal/bpf/loader.go:582.93,585.2 2 0
github.com/srodi/ebpf-server/internal/bpf/loader.go:587.66,589.53 2 0
github.com/srodi/ebpf-server/internal/bpf/loader.go:589.53,591.3 1 0
github.com/srodi/ebpf-server/internal/bpf/loader.go:592.2,592.36 1 0
github.com/srodi/ebpf-server/internal/bpf/loader.go:595.45,598.6 2 0
github.com/srodi/ebpf-server/internal/bpf/loader.go:598.6,599.10 1 0
github.com/srodi/ebpf-server/internal/bpf/loader.go:600.23,602.10 2 0
github.com/srodi/ebpf-server/internal/bpf/loader.go:603.11,605.18 2 0
github.com/srodi/ebpf-server/internal/bpf/loader.go:605.18,606.27 1 0
github.com/srodi/ebpf-server/internal/bpf/loader.go:606.27,608.6 1 0
github.com/srodi/ebpf-server/internal/bpf/loader.go:609.5,610.13 2 0
github.com/srodi/ebpf-server/internal/bpf/loader.go:613.4,613.59 1 0
github.com/srodi/ebpf-server/internal/bpf/loader.go:613.59,615.5 1 0
github.com/srodi/ebpf-server/internal/bpf/loader.go:620.61,621.20 1 0
github.com/srodi/ebpf-server/internal/bpf/loader.go:621.20,623.3 1 0
github.com/srodi/ebpf-server/internal/bpf/loader.go:625.2,632.21 6 0
github.com/srodi/ebpf-server/internal/bpf/loader.go:632.21,634.3 1 0
github.com/srodi/ebpf-server/internal/bpf/loader.go:637.2,638.49 2 0
github.com/srodi/ebpf-server/internal/bpf/loader.go:638.49,640.3 1 0
github.com/srodi/ebpf-server/internal/bpf/loader.go:643.2,643.9 1 0
github.com/srodi/ebpf-server/internal/bpf/loader.go:644.30,644.30 0 0
github.com/srodi/ebpf-server/internal/bpf/loader.go:645.10,646.65 1 0
github.com/srodi/ebpf-server/internal/bpf/loader.go:649.2,653.12 2 0
github.com/srodi/ebpf-server/internal/bpf/loader.go:657.38,662.70 3 0
github.com/srodi/ebpf-server/internal/bpf/loader.go:662.70,664.3 1 0
github.com/srodi/ebpf-server/internal/bpf/loader.go:667.2,668.70 2 0
github.com/srodi/ebpf-server/internal/bpf/loader.go:668.70,670.3 1 0
github.com/srodi/ebpf-server/internal/bpf/loader.go:672.2,673.12 2 0
github.com/srodi/ebpf-server/internal/bpf/loader.go:677.28,679.47 1 0
github.com/srodi/ebpf-server/internal/bpf/loader.go:679.47,681.3 1 0
github.com/srodi/ebpf-server/internal/bpf/loader.go:684.2,687.34 2 0
github.com/srodi/ebpf-server/internal/bpf/loader.go:687.34,690.3 2 0
github.com/srodi/ebpf-server/internal/bpf/loader.go:693.2,693.50 1 0
github.com/srodi/ebpf-server/internal/bpf/loader.go:693.50,695.3 1 0
github.com/srodi/ebpf-server/internal/bpf/loader.go:698.2,698.48 1 0
github.com/srodi/ebpf-server/internal/bpf/loader.go:698.48,700.3 1 0
github.com/srodi/ebpf-server/internal/bpf/loader.go:703.2,703.50 1 0
github.com/srodi/ebpf-server/internal/bpf/loader.go:703.50,705.3 1 0
github.com/srodi/ebpf-server/internal/bpf/loader.go:708.2,708.49 1 0
github.com/srodi/ebpf-server/internal/bpf/loader.go:708.49,710.3 1 0
github.com/srodi/ebpf-server/internal/bpf/loader.go:712.2,713.12 2 0
github.com/srodi/ebpf-server/internal/bpf/loader.go:717.16,718.26 1 0
github.com/srodi/ebpf-server/internal/bpf/loader.go:718.26,719.49 1 0
github.com/srodi/ebpf-server/internal/bpf/loader.go:719.49,721.4 1 0
github.com/srodi/ebpf-server/internal/bpf/loader.go:722.3,722.39 1 0
github.com/srodi/ebpf-server/internal/bpf/loader.go:727.80,728.26 1 4
github.com/srodi/ebpf-server/internal/bpf/loader.go:728.26,730.3 1 2
github.com/srodi/ebpf-server/internal/bpf/loader.go:732.2,732.71 1 2
github.com/srodi/ebpf-server/internal/bpf/loader.go:732.71,734.3 1 2
github.com/srodi/ebpf-server/internal/bpf/loader.go:735.2,735.10 1 0
github.com/srodi/ebpf-server/internal/bpf/loader.go:739.80,740.26 1 4
github.com/srodi/ebpf-server/internal/bpf/loader.go:740.26,742.3 1 2
github.com/srodi/ebpf-server/internal/bpf/loader.go:744.2,744.72 1 2
github.com/srodi/ebpf-server/internal/bpf/loader.go:744.72,746.3 1 2
github.com/srodi/ebpf-server/internal/bpf/loader.go:747.2,747.10 1 0
github.com/srodi/ebpf-server/internal/bpf/loader.go:751.45,752.26 1 3
github.com/srodi/ebpf-server/internal/bpf/loader.go:752.26,754.3 1 2
github.com/srodi/ebpf-server/internal/bpf/loader.go:757.2,760.65 3 1
github.com/srodi/ebpf-server/internal/bpf/loader.go:760.65,763.45 2 1
github.com/srodi/ebpf-server/internal/bpf/loader.go:763.45,764.33 1 1
github.com/srodi/ebpf-server/internal/bpf/loader.go:764.33,765.61 1 1
github.com/srodi/ebpf-server/internal/bpf/loader.go:765.61,767.6 1 1
github.com/srodi/ebpf-server/internal/bpf/loader.go:770.3,770.16 1 1
github.com/srodi/ebpf-server/internal/bpf/loader.go:773.2,773.33 1 0
github.com/srodi/ebpf-server/internal/bpf/loader.go:777.49,778.26 1 3
github.com/srodi/ebpf-server/internal/bpf/loader.go:778.26,780.3 1 2
github.com/srodi/ebpf-server/internal/bpf/loader.go:783.2,786.60 3 1
github.com/srodi/ebpf-server/internal/bpf/loader.go:786.60,789.39 2 1
github.com/srodi/ebpf-server/internal/bpf/loader.go:789.39,790.33 1 1
github.com/srodi/ebpf-server/internal/bpf/loader.go:790.33,791.61 1 1
github.com/srodi/ebpf-server/internal/bpf/loader.go:791.61,793.6 1 1
github.com/srodi/ebpf-server/internal/bpf/loader.go:796.3,796.16 1 1
github.com/srodi/ebpf-server/internal/bpf/loader.go:799.2,799.37 1 0
github.com/srodi/ebpf-server/internal/bpf/loader.go:803.25,804.26 1 3
github.com/srodi/ebpf-server/internal/bpf/loader.go:804.26,807.3 2 3
github.com/srodi/ebpf-server/internal/bpf/loader.go:808.2,808.36 1 0
github.com/srodi/ebpf-server/internal/bpf/loader.go:812.28,814.2 1 1
github.com/srodi/ebpf-server/internal/bpf/manager.go:36.28,42.2 1 16
github.com/srodi/ebpf-server/internal/bpf/manager.go:45.61,50.43 4 25
github.com/srodi/ebpf-server/internal/bpf/manager.go:50.43,52.3 1 2
github.com/srodi/ebpf-server/internal/bpf/manager.go:54.2,56.12 3 23
github.com/srodi/ebpf-server/internal/bpf/manager.go:60.56,65.13 4 3
github.com/srodi/ebpf-server/internal/bpf/manager.go:65.13,67.3 1 2
github.com/srodi/ebpf-server/internal/bpf/manager.go:70.2,70.25 1 1
github.com/srodi/ebpf-server/internal/bpf/manager.go:70.25,71.40 1 0
github.com/srodi/ebpf-server/internal/bpf/manager.go:71.40,73.4 1 0
github.com/srodi/ebpf-server/internal/bpf/manager.go:76.2,78.12 3 1
github.com/srodi/ebpf-server/internal/bpf/manager.go:82.35,89.40 5 7
github.com/srodi/ebpf-server/internal/bpf/manager.go:89.40,90.40 1 9
github.com/srodi/ebpf-server/internal/bpf/manager.go:90.40,93.4 2 1
github.com/srodi/ebpf-server/internal/bpf/manager.go:93.9,96.4 2 8
github.com/srodi/ebpf-server/internal/bpf/manager.go:99.2,99.21 1 7
github.com/srodi/ebpf-server/internal/bpf/manager.go:99.21,101.3 1 1
github.com/srodi/ebpf-server/internal/bpf/manager.go:103.2,104.12 2 6
github.com/srodi/ebpf-server/internal/bpf/manager.go:108.37,115.40 5 7
github.com/srodi/ebpf-server/internal/bpf/manager.go:115.40,116.42 1 9
github.com/srodi/ebpf-server/internal/bpf/manager.go:116.42,119.4 2 2
github.com/srodi/ebpf-server/internal/bpf/manager.go:119.9,122.4 2 7
github.com/srodi/ebpf-server/internal/bpf/manager.go:125.2,125.21 1 7
github.com/srodi/ebpf-server/internal/bpf/manager.go:125.21,127.3 1 2
github.com/srodi/ebpf-server/internal/bpf/manager.go:129.2,130.12 2 5
github.com/srodi/ebpf-server/internal/bpf/manager.go:134.36,135.15 1 8
github.com/srodi/ebpf-server/internal/bpf/manager.go:135.15,137.3 1 2
github.com/srodi/ebpf-server/internal/bpf/manager.go:139.2,157.40 12 6
github.com/srodi/ebpf-server/internal/bpf/manager.go:157.40,158.46 1 7
github.com/srodi/ebpf-server/internal/bpf/manager.go:158.46,161.4 2 1
github.com/srodi/ebpf-server/internal/bpf/manager.go:161.9,164.4 2 6
github.com/srodi/ebpf-server/internal/bpf/manager.go:167.2,167.21 1 6
github.com/srodi/ebpf-server/internal/bpf/manager.go:167.21,169.3 1 1
github.com/srodi/ebpf-server/internal/bpf/manager.go:171.2,172.12 2 5
github.com/srodi/ebpf-server/internal/bpf/manager.go:176.35,177.16 1 7
github.com/srodi/ebpf-server/internal/bpf/manager.go:177.16,179.3 1 2
github.com/srodi/ebpf-server/internal/bpf/manager.go:182.2,182.21 1 5
github.com/srodi/ebpf-server/internal/bpf/manager.go:182.21,184.3 1 5
github.com/srodi/ebpf-server/internal/bpf/manager.go:187.2,187.28 1 5
github.com/srodi/ebpf-server/internal/bpf/manager.go:187.28,190.3 2 5
github.com/srodi/ebpf-server/internal/bpf/manager.go:192.2,194.40 3 5
github.com/srodi/ebpf-server/internal/bpf/manager.go:194.40,196.3 1 6
github.com/srodi/ebpf-server/internal/bpf/manager.go:197.2,202.38 4 5
github.com/srodi/ebpf-server/internal/bpf/manager.go:202.38,203.40 1 6
github.com/srodi/ebpf-server/internal/bpf/manager.go:203.40,206.4 2 0
github.com/srodi/ebpf-server/internal/bpf/manager.go:206.9,209.4 2 6
github.com/srodi/ebpf-server/internal/bpf/manager.go:212.2,215.30 2 5
github.com/srodi/ebpf-server/internal/bpf/manager.go:215.30,217.3 1 5
github.com/srodi/ebpf-server/internal/bpf/manager.go:218.2,220.21 2 5
github.com/srodi/ebpf-server/internal/bpf/manager.go:220.21,222.3 1 0
github.com/srodi/ebpf-server/internal/bpf/manager.go:224.2,225.12 2 5
github.com/srodi/ebpf-server/internal/bpf/manager.go:229.62,235.2 4 5
github.com/srodi/ebpf-server/internal/bpf/manager.go:238.55,243.40 4 0
github.com/srodi/ebpf-server/internal/bpf/manager.go:243.40,245.3 1 0
github.com/srodi/ebpf-server/internal/bpf/manager.go:246.2,246.15 1 0
github.com/srodi/ebpf-server/internal/bpf/manager.go:248.43,253.31 4 3
github.com/srodi/ebpf-server/internal/bpf/manager.go:253.31,255.3 1 13
github.com/srodi/ebpf-server/internal/bpf/manager.go:256.2,256.14 1 3
github.com/srodi/ebpf-server/internal/bpf/manager.go:260.38,262.68 1 4
github.com/srodi/ebpf-server/internal/bpf/manager.go:262.68,265.3 2 0
github.com/srodi/ebpf-server/internal/bpf/manager.go:268.2,268.47 1 4
github.com/srodi/ebpf-server/internal/bpf/manager.go:268.47,271.3 2 0
github.com/srodi/ebpf-server/internal/bpf/manager.go:274.2,274.58 1 4
github.com/srodi/ebpf-server/internal/bpf/manager.go:274.58,277.3 2 4
github.com/srodi/ebpf-server/internal/bpf/manager.go:279.2,279.13 1 0
github.com/srodi/ebpf-server/internal/bpf/manager.go:283.57,285.2 1 2
github.com/srodi/ebpf-server/internal/bpf/manager.go:288.45,290.2 1 24
github.com/srodi/ebpf-server/internal/bpf/manager.go:293.37,301.27 4 6
github.com/srodi/ebpf-server/internal/bpf/manager.go:301.27,306.41 3 33
github.com/srodi/ebpf-server/internal/bpf/manager.go:306.41,307.51 1 44
github.com/srodi/ebpf-server/internal/bpf/manager.go:307.51,309.5 1 6
github.com/srodi/ebpf-server/internal/bpf/manager.go:313.3,313.37 1 33
github.com/srodi/ebpf-server/internal/bpf/manager.go:313.37,314.46 1 44
github.com/srodi/ebpf-server/internal/bpf/manager.go:314.46,316.5 1 0
github.com/srodi/ebpf-server/internal/bpf/manager.go:320.2,323.6 3 6
github.com/srodi/ebpf-server/internal/bpf/manager.go:323.6,324.10 1 38
github.com/srodi/ebpf-server/internal/bpf/manager.go:325.23,327.10 2 5
github.com/srodi/ebpf-server/internal/bpf/manager.go:328.19,329.20 1 0
github.com/srodi/ebpf-server/internal/bpf/manager.go:330.11,333.42 2 33
github.com/srodi/ebpf-server/internal/bpf/manager.go:333.42,334.12 1 44
github.com/srodi/ebpf-server/internal/bpf/manager.go:335.28,336.13 1 5
github.com/srodi/ebpf-server/internal/bpf/manager.go:336.13,338.15 2 0
github.com/srodi/ebpf-server/internal/bpf/manager.go:341.6,341.13 1 5
github.com/srodi/ebpf-server/internal/bpf/manager.go:342.32,342.32 0 5
github.com/srodi/ebpf-server/internal/bpf/manager.go:343.14,344.82 1 0
github.com/srodi/ebpf-server/internal/bpf/manager.go:346.13,346.13 0 39
github.com/srodi/ebpf-server/internal/bpf/manager.go:351.4,351.37 1 33
github.com/srodi/ebpf-server/internal/bpf/manager.go:357.36,360.6 2 6
github.com/srodi/ebpf-server/internal/bpf/manager.go:360.6,361.10 1 6
github.com/srodi/ebpf-server/internal/bpf/manager.go:362.24,364.10 2 5
github.com/srodi/ebpf-server/internal/bpf/manager.go:365.28,368.19 2 0
github.com/srodi/ebpf-server/internal/bpf/manager.go:368.19,370.5 1 0
github.com/srodi/ebpf-server/internal/bpf/storage.go:18.44,22.2 1 19
github.com/srodi/ebpf-server/internal/bpf/storage.go:25.55,33.32 5 15
github.com/srodi/ebpf-server/internal/bpf/storage.go:33.32,35.3 1 13
github.com/srodi/ebpf-server/internal/bpf/storage.go:38.2,40.12 2 15
github.com/srodi/ebpf-server/internal/bpf/storage.go:44.114,52.21 5 0
github.com/srodi/ebpf-server/internal/bpf/storage.go:52.21,54.3 1 0
github.com/srodi/ebpf-server/internal/bpf/storage.go:54.8,55.28 1 0
github.com/srodi/ebpf-server/internal/bpf/storage.go:55.28,57.4 1 0
github.com/srodi/ebpf-server/internal/bpf/storage.go:60.2,60.32 1 0
github.com/srodi/ebpf-server/internal/bpf/storage.go:60.32,61.45 1 0
github.com/srodi/ebpf-server/internal/bpf/storage.go:61.45,63.16 1 0
github.com/srodi/ebpf-server/internal/bpf/storage.go:63.16,64.52 1 0
github.com/srodi/ebpf-server/internal/bpf/storage.go:64.52,65.35 1 0
github.com/srodi/ebpf-server/internal/bpf/storage.go:65.35,66.86 1 0
github.com/srodi/ebpf-server/internal/bpf/storage.go:66.86,68.8 1 0
github.com/srodi/ebpf-server/internal/bpf/storage.go:71.10,73.35 1 0
github.com/srodi/ebpf-server/internal/bpf/storage.go:73.35,74.35 1 0
github.com/srodi/ebpf-server/internal/bpf/storage.go:74.35,75.86 1 0
github.com/srodi/ebpf-server/internal/bpf/storage.go:75.86,77.8 1 0
github.com/srodi/ebpf-server/internal/bpf/storage.go:84.2,84.20 1 0
github.com/srodi/ebpf-server/internal/bpf/storage.go:88.83,89.20 1 38
github.com/srodi/ebpf-server/internal/bpf/storage.go:89.20,91.3 1 6
github.com/srodi/ebpf-server/internal/bpf/storage.go:94.2,95.57 2 32
github.com/srodi/ebpf-server/internal/bpf/storage.go:98.85,99.19 1 5
github.com/srodi/ebpf-server/internal/bpf/storage.go:99.19,101.3 1 0
github.com/srodi/ebpf-server/internal/bpf/storage.go:102.2,102.88 1 5
github.com/srodi/ebpf-server/internal/bpf/storage.go:106.85,112.34 4 2
github.com/srodi/ebpf-server/internal/bpf/storage.go:112.34,113.44 1 4
github.com/srodi/ebpf-server/internal/bpf/storage.go:113.44,114.33 1 3
github.com/srodi/ebpf-server/internal/bpf/storage.go:114.33,115.42 1 4
github.com/srodi/ebpf-server/internal/bpf/storage.go:115.42,117.6 1 4
github.com/srodi/ebpf-server/internal/bpf/storage.go:122.2,122.20 1 2
github.com/srodi/ebpf-server/internal/bpf/storage.go:126.93,133.34 5 2
github.com/srodi/ebpf-server/internal/bpf/storage.go:133.34,134.33 1 4
github.com/srodi/ebpf-server/internal/bpf/storage.go:134.33,135.33 1 4
github.com/srodi/ebpf-server/internal/bpf/storage.go:135.33,137.74 1 5
github.com/srodi/ebpf-server/internal/bpf/storage.go:137.74,139.6 1 4
github.com/srodi/ebpf-server/internal/bpf/storage.go:144.2,144.20 1 2
github.com/srodi/ebpf-server/internal/bpf/storage.go:148.92,154.51 4 5
github.com/srodi/ebpf-server/internal/bpf/storage.go:154.51,155.33 1 4
github.com/srodi/ebpf-server/internal/bpf/storage.go:155.33,156.33 1 5
github.com/srodi/ebpf-server/internal/bpf/storage.go:156.33,157.42 1 6
github.com/srodi/ebpf-server/internal/bpf/storage.go:157.42,159.6 1 5
github.com/srodi/ebpf-server/internal/bpf/storage.go:164.2,164.20 1 5
github.com/srodi/ebpf-server/internal/bpf/storage.go:168.100,176.21 5 15
github.com/srodi/ebpf-server/internal/bpf/storage.go:176.21,178.3 1 9
github.com/srodi/ebpf-server/internal/bpf/storage.go:178.8,179.28 1 6
github.com/srodi/ebpf-server/internal/bpf/storage.go:179.28,181.4 1 11
github.com/srodi/ebpf-server/internal/bpf/storage.go:184.2,184.32 1 15
github.com/srodi/ebpf-server/internal/bpf/storage.go:184.32,186.14 2 20
github.com/srodi/ebpf-server/internal/bpf/storage.go:186.14,187.12 1 0
github.com/srodi/ebpf-server/internal/bpf/storage.go:191.3,191.20 1 20
github.com/srodi/ebpf-server/internal/bpf/storage.go:191.20,193.34 1 4
github.com/srodi/ebpf-server/internal/bpf/storage.go:193.34,194.34 1 4
github.com/srodi/ebpf-server/internal/bpf/storage.go:194.34,195.85 1 5
github.com/srodi/ebpf-server/internal/bpf/storage.go:195.85,197.7 1 4
github.com/srodi/ebpf-server/internal/bpf/storage.go:200.9,200.22 1 16
github.com/srodi/ebpf-server/internal/bpf/storage.go:200.22,202.45 1 8
github.com/srodi/ebpf-server/internal/bpf/storage.go:202.45,203.34 1 5
github.com/srodi/ebpf-server/internal/bpf/storage.go:203.34,204.43 1 6
github.com/srodi/ebpf-server/internal/bpf/storage.go:204.43,206.7 1 6
github.com/srodi/ebpf-server/internal/bpf/storage.go:209.9,211.34 1 8
github.com/srodi/ebpf-server/internal/bpf/storage.go:211.34,212.34 1 10
github.com/srodi/ebpf-server/internal/bpf/storage.go:212.34,213.43 1 12
github.com/srodi/ebpf-server/internal/bpf/storage.go:213.43,215.7 1 11
github.com/srodi/ebpf-server/internal/bpf/storage.go:221.2,221.14 1 15
github.com/srodi/ebpf-server/internal/bpf/storage.go:225.69,231.42 4 4
github.com/srodi/ebpf-server/internal/bpf/storage.go:231.42,233.35 2 8
github.com/srodi/ebpf-server/internal/bpf/storage.go:233.35,237.4 3 8
github.com/srodi/ebpf-server/internal/bpf/storage.go:240.2,240.15 1 4
github.com/srodi/ebpf-server/internal/bpf/storage.go:244.61,251.42 5 2
github.com/srodi/ebpf-server/internal/bpf/storage.go:251.42,252.35 1 5
github.com/srodi/ebpf-server/internal/bpf/storage.go:252.35,254.33 2 5
github.com/srodi/ebpf-server/internal/bpf/storage.go:254.33,256.67 2 6
github.com/srodi/ebpf-server/internal/bpf/storage.go:256.67,258.6 1 4
github.com/srodi/ebpf-server/internal/bpf/storage.go:258.11,260.6 1 2
github.com/srodi/ebpf-server/internal/bpf/storage.go:263.4,263.27 1 5
github.com/srodi/ebpf-server/internal/bpf/storage.go:263.27,265.5 1 2
github.com/srodi/ebpf-server/internal/bpf/storage.go:265.10,267.5 1 3
github.com/srodi/ebpf-server/internal/bpf/storage.go:271.3,271.23 1 5
github.com/srodi/ebpf-server/internal/bpf/storage.go:271.23,273.4 1 2
github.com/srodi/ebpf-server/internal/bpf/storage.go:276.2,276.17 1 2
github.com/srodi/ebpf-server/internal/bpf/storage.go:276.17,278.3 1 2
github.com/srodi/ebpf-server/internal/bpf/storage.go:280.2,280.16 1 2
github.com/srodi/ebpf-server/internal/bpf/types.go:37.37,40.53 2 4
github.com/srodi/ebpf-server/internal/bpf/types.go:40.53,42.3 1 16
github.com/srodi/ebpf-server/internal/bpf/types.go:43.2,43.20 1 4
github.com/srodi/ebpf-server/internal/bpf/types.go:47.36,51.18 3 7
github.com/srodi/ebpf-server/internal/bpf/types.go:52.15,53.22 1 4
github.com/srodi/ebpf-server/internal/bpf/types.go:53.22,55.4 1 2
github.com/srodi/ebpf-server/internal/bpf/types.go:57.3,58.21 2 2
github.com/srodi/ebpf-server/internal/bpf/types.go:59.16,62.32 2 3
github.com/srodi/ebpf-server/internal/bpf/types.go:62.32,63.14 1 18
github.com/srodi/ebpf-server/internal/bpf/types.go:63.14,65.10 2 2
github.com/srodi/ebpf-server/internal/bpf/types.go:68.3,68.14 1 3
github.com/srodi/ebpf-server/internal/bpf/types.go:68.14,70.4 1 1
github.com/srodi/ebpf-server/internal/bpf/types.go:71.3,72.21 2 2
github.com/srodi/ebpf-server/internal/bpf/types.go:73.10,74.12 1 0
github.com/srodi/ebpf-server/internal/bpf/types.go:79.41,83.14 3 3
github.com/srodi/ebpf-server/internal/bpf/types.go:83.14,85.3 1 1
github.com/srodi/ebpf-server/internal/bpf/types.go:88.2,88.26 1 2
github.com/srodi/ebpf-server/internal/bpf/types.go:88.26,90.3 1 1
github.com/srodi/ebpf-server/internal/bpf/types.go:92.2,92.45 1 1
github.com/srodi/ebpf-server/internal/bpf/types.go:96.38,97.20 1 6
github.com/srodi/ebpf-server/internal/bpf/types.go:98.9,99.15 1 1
github.com/srodi/ebpf-server/internal/bpf/types.go:100.10,101.15 1 2
github.com/srodi/ebpf-server/internal/bpf/types.go:102.10,103.19 1 3
github.com/srodi/ebpf-server/internal/bpf/types.go:108.40,109.20 1 6
github.com/srodi/ebpf-server/internal/bpf/types.go:110.9,111.18 1 1
github.com/srodi/ebpf-server/internal/bpf/types.go:112.9,113.17 1 2
github.com/srodi/ebpf-server/internal/bpf/types.go:114.10,115.19 1 3
github.com/srodi/ebpf-server/internal/bpf/types.go:120.37,125.2 1 0
github.com/srodi/ebpf-server/internal/bpf/types.go:128.46,133.2 3 1
github.com/srodi/ebpf-server/internal/bpf/types.go:152.47,167.2 1 0
github.com/srodi/ebpf-server/internal/bpf/types.go:172.41,175.53 2 3
github.com/srodi/ebpf-server/internal/bpf/types.go:175.53,177.3 1 12
github.com/srodi/ebpf-server/internal/bpf/types.go:178.2,178.20 1 3
github.com/srodi/ebpf-server/internal/bpf/types.go:182.50,187.2 3 0
github.com/srodi/ebpf-server/internal/bpf/types.go:190.50,191.22 1 0
github.com/srodi/ebpf-server/internal/bpf/types.go:192.9,193.20 1 0
github.com/srodi/ebpf-server/internal/bpf/types.go:194.9,195.20 1 0
github.com/srodi/ebpf-server/internal/bpf/types.go:196.10,197.50 1 0
github.com/srodi/ebpf-server/internal/bpf/types.go:214.51,225.2 1 0
github.com/srodi/ebpf-server/internal/bpf/programs/packet_drop/event.go:20.39,22.2 1 2
github.com/srodi/ebpf-server/internal/bpf/programs/packet_drop/event.go:25.46,26.22 1 5
github.com/srodi/ebpf-server/internal/bpf/programs/packet_drop/event.go:27.9,28.20 1 3
github.com/srodi/ebpf-server/internal/bpf/programs/packet_drop/event.go:29.9,30.20 1 1
github.com/srodi/ebpf-server/internal/bpf/programs/packet_drop/event.go:31.10,32.50 1 1
github.com/srodi/ebpf-server/internal/bpf/programs/packet_drop/event.go:49.47,60.2 1 1
github.com/srodi/ebpf-server/internal/bpf/programs/packet_drop/program.go:39.52,47.2 1 1
github.com/srodi/ebpf-server/internal/bpf/programs/packet_drop/program.go:50.36,52.2 1 1
github.com/srodi/ebpf-server/internal/bpf/programs/packet_drop/program.go:55.43,57.2 1 1
github.com/srodi/ebpf-server/internal/bpf/programs/packet_drop/program.go:60.42,62.2 1 1
github.com/srodi/ebpf-server/internal/bpf/programs/packet_drop/program.go:65.32,67.16 2 0
github.com/srodi/ebpf-server/internal/bpf/programs/packet_drop/program.go:67.16,69.3 1 0
github.com/srodi/ebpf-server/internal/bpf/programs/packet_drop/program.go:71.2,72.16 2 0
github.com/srodi/ebpf-server/internal/bpf/programs/packet_drop/program.go:72.16,74.3 1 0
github.com/srodi/ebpf-server/internal/bpf/programs/packet_drop/program.go:76.2,80.12 4 0
github.com/srodi/ebpf-server/internal/bpf/programs/packet_drop/program.go:84.34,85.25 1 0
github.com/srodi/ebpf-server/internal/bpf/programs/packet_drop/program.go:85.25,87.3 1 0
github.com/srodi/ebpf-server/internal/bpf/programs/packet_drop/program.go:89.2,92.70 2 0
github.com/srodi/ebpf-server/internal/bpf/programs/packet_drop/program.go:92.70,94.17 2 0
github.com/srodi/ebpf-server/internal/bpf/programs/packet_drop/program.go:94.17,96.4 1 0
github.com/srodi/ebpf-server/internal/bpf/programs/packet_drop/program.go:96.9,100.4 3 0
github.com/srodi/ebpf-server/internal/bpf/programs/packet_drop/program.go:104.2,104.69 1 0
github.com/srodi/ebpf-server/internal/bpf/programs/packet_drop/program.go:104.69,106.17 2 0
github.com/srodi/ebpf-server/internal/bpf/programs/packet_drop/program.go:106.17,108.4 1 0
github.com/srodi/ebpf-server/internal/bpf/programs/packet_drop/program.go:108.9,112.4 3 0
github.com/srodi/ebpf-server/internal/bpf/programs/packet_drop/program.go:115.2,115.24 1 0
github.com/srodi/ebpf-server/internal/bpf/programs/packet_drop/program.go:115.24,117.3 1 0
github.com/srodi/ebpf-server/internal/bpf/programs/packet_drop/program.go:120.2,121.16 2 0
github.com/srodi/ebpf-server/internal/bpf/programs/packet_drop/program.go:121.16,122.29 1 0
github.com/srodi/ebpf-server/internal/bpf/programs/packet_drop/program.go:122.29,124.4 1 0
github.com/srodi/ebpf-server/internal/bpf/programs/packet_drop/program.go:125.3,125.68 1 0
github.com/srodi/ebpf-server/internal/bpf/programs/packet_drop/program.go:128.2,130.12 3 0
github.com/srodi/ebpf-server/internal/bpf/programs/packet_drop/program.go:134.52,135.21 1 0
github.com/srodi/ebpf-server/internal/bpf/programs/packet_drop/program.go:135.21,137.3 1 0
github.com/srodi/ebpf-server/internal/bpf/programs/packet_drop/program.go:139.2,139.15 1 0
github.com/srodi/ebpf-server/internal/bpf/programs/packet_drop/program.go:139.15,141.3 1 0
github.com/srodi/ebpf-server/internal/bpf/programs/packet_drop/program.go:143.2,150.12 5 0
github.com/srodi/ebpf-server/internal/bpf/programs/packet_drop/program.go:154.32,155.16 1 0
github.com/srodi/ebpf-server/internal/bpf/programs/packet_drop/program.go:155.16,157.3 1 0
github.com/srodi/ebpf-server/internal/bpf/programs/packet_drop/program.go:160.2,160.21 1 0
github.com/srodi/ebpf-server/internal/bpf/programs/packet_drop/program.go:160.21,162.3 1 0
github.com/srodi/ebpf-server/internal/bpf/programs/packet_drop/program.go:165.2,165.21 1 0
github.com/srodi/ebpf-server/internal/bpf/programs/packet_drop/program.go:165.21,168.3 2 0
github.com/srodi/ebpf-server/internal/bpf/programs/packet_drop/program.go:171.2,171.28 1 0
github.com/srodi/ebpf-server/internal/bpf/programs/packet_drop/program.go:171.28,172.15 1 0
github.com/srodi/ebpf-server/internal/bpf/programs/packet_drop/program.go:172.15,174.4 1 0
github.com/srodi/ebpf-server/internal/bpf/programs/packet_drop/program.go:176.2,179.25 2 0
github.com/srodi/ebpf-server/internal/bpf/programs/packet_drop/program.go:179.25,182.3 2 0
github.com/srodi/ebpf-server/internal/bpf/programs/packet_drop/program.go:184.2,188.12 4 0
github.com/srodi/ebpf-server/internal/bpf/programs/packet_drop/program.go:192.36,194.2 1 1
github.com/srodi/ebpf-server/internal/bpf/programs/packet_drop/program.go:197.57,199.2 1 1
github.com/srodi/ebpf-server/internal/bpf/programs/packet_drop/program.go:202.83,206.2 2 2
github.com/srodi/ebpf-server/internal/bpf/programs/packet_drop/program.go:209.60,211.53 2 1
github.com/srodi/ebpf-server/internal/bpf/programs/packet_drop/program.go:211.53,213.3 1 1
github.com/srodi/ebpf-server/internal/bpf/programs/packet_drop/program.go:214.2,214.40 1 0
github.com/srodi/ebpf-server/internal/bpf/programs/packet_drop/program.go:218.35,221.6 2 0
github.com/srodi/ebpf-server/internal/bpf/programs/packet_drop/program.go:221.6,222.10 1 0
github.com/srodi/ebpf-server/internal/bpf/programs/packet_drop/program.go:223.23,225.10 2 0
github.com/srodi/ebpf-server/internal/bpf/programs/packet_drop/program.go:226.11,228.18 2 0
github.com/srodi/ebpf-server/internal/bpf/programs/packet_drop/program.go:228.18,229.27 1 0
github.com/srodi/ebpf-server/internal/bpf/programs/packet_drop/program.go:229.27,231.6 1 0
github.com/srodi/ebpf-server/internal/bpf/programs/packet_drop/program.go:232.5,233.13 2 0
github.com/srodi/ebpf-server/internal/bpf/programs/packet_drop/program.go:236.4,236.59 1 0
github.com/srodi/ebpf-server/internal/bpf/programs/packet_drop/program.go:236.59,238.5 1 0
github.com/srodi/ebpf-server/internal/bpf/programs/packet_drop/program.go:244.51,245.20 1 0
github.com/srodi/ebpf-server/internal/bpf/programs/packet_drop/program.go:245.20,247.3 1 0
github.com/srodi/ebpf-server/internal/bpf/programs/packet_drop/program.go:249.2,265.21 6 0
github.com/srodi/ebpf-server/internal/bpf/programs/packet_drop/program.go:265.21,267.3 1 0
github.com/srodi/ebpf-server/internal/bpf/programs/packet_drop/program.go:270.2,270.48 1 0
github.com/srodi/ebpf-server/internal/bpf/programs/packet_drop/program.go:270.48,272.3 1 0
github.com/srodi/ebpf-server/internal/bpf/programs/packet_drop/program.go:275.2,275.9 1 0
github.com/srodi/ebpf-server/internal/bpf/programs/packet_drop/program.go:276.29,276.29 0 0
github.com/srodi/ebpf-server/internal/bpf/programs/packet_drop/program.go:277.10,278.65 1 0
github.com/srodi/ebpf-server/internal/bpf/programs/packet_drop/program.go:281.2,285.12 2 0
github.com/srodi/ebpf-server/internal/bpf/programs/connection/event.go:26.39,28.2 1 2
github.com/srodi/ebpf-server/internal/bpf/programs/connection/event.go:31.36,35.18 3 6
github.com/srodi/ebpf-server/internal/bpf/programs/connection/event.go:36.15,37.22 1 4
github.com/srodi/ebpf-server/internal/bpf/programs/connection/event.go:37.22,39.4 1 0
github.com/srodi/ebpf-server/internal/bpf/programs/connection/event.go:41.3,42.21 2 4
github.com/srodi/ebpf-server/internal/bpf/programs/connection/event.go:43.16,46.32 2 2
github.com/srodi/ebpf-server/internal/bpf/programs/connection/event.go:46.32,47.14 1 32
github.com/srodi/ebpf-server/internal/bpf/programs/connection/event.go:47.14,49.10 2 2
github.com/srodi/ebpf-server/internal/bpf/programs/connection/event.go:52.3,52.14 1 2
github.com/srodi/ebpf-server/internal/bpf/programs/connection/event.go:52.14,54.4 1 0
github.com/srodi/ebpf-server/internal/bpf/programs/connection/event.go:55.3,56.21 2 2
github.com/srodi/ebpf-server/internal/bpf/programs/connection/event.go:57.10,58.12 1 0
github.com/srodi/ebpf-server/internal/bpf/programs/connection/event.go:63.41,67.14 3 3
github.com/srodi/ebpf-server/internal/bpf/programs/connection/event.go:67.14,69.3 1 0
github.com/srodi/ebpf-server/internal/bpf/programs/connection/event.go:72.2,72.26 1 3
github.com/srodi/ebpf-server/internal/bpf/programs/connection/event.go:72.26,74.3 1 1
github.com/srodi/ebpf-server/internal/bpf/programs/connection/event.go:76.2,76.45 1 2
github.com/srodi/ebpf-server/internal/bpf/programs/connection/event.go:80.38,81.20 1 4
github.com/srodi/ebpf-server/internal/bpf/programs/connection/event.go:82.9,83.15 1 2
github.com/srodi/ebpf-server/internal/bpf/programs/connection/event.go:84.10,85.15 1 1
github.com/srodi/ebpf-server/internal/bpf/programs/connection/event.go:86.10,87.19 1 1
github.com/srodi/ebpf-server/internal/bpf/programs/connection/event.go:92.40,93.20 1 4
github.com/srodi/ebpf-server/internal/bpf/programs/connection/event.go:94.9,95.18 1 1
github.com/srodi/ebpf-server/internal/bpf/programs/connection/event.go:96.9,97.17 1 1
github.com/srodi/ebpf-server/internal/bpf/programs/connection/event.go:98.10,99.19 1 2
github.com/srodi/ebpf-server/internal/bpf/programs/connection/event.go:120.47,135.2 1 1
github.com/srodi/ebpf-server/internal/bpf/programs/connection/program.go:39.52,47.2 1 1
github.com/srodi/ebpf-server/internal/bpf/programs/connection/program.go:50.36,52.2 1 1
github.com/srodi/ebpf-server/internal/bpf/programs/connection/program.go:55.43,57.2 1 1
github.com/srodi/ebpf-server/internal/bpf/programs/connection/program.go:60.42,62.2 1 1
github.com/srodi/ebpf-server/internal/bpf/programs/connection/program.go:65.32,67.16 2 0
github.com/srodi/ebpf-server/internal/bpf/programs/connection/program.go:67.16,69.3 1 0
github.com/srodi/ebpf-server/internal/bpf/programs/connection/program.go:71.2,72.16 2 0
github.com/srodi/ebpf-server/internal/bpf/programs/connection/program.go:72.16,74.3 1 0
github.com/srodi/ebpf-server/internal/bpf/programs/connection/program.go:76.2,80.12 4 0
github.com/srodi/ebpf-server/internal/bpf/programs/connection/program.go:84.34,85.25 1 0
github.com/srodi/ebpf-server/internal/bpf/programs/connection/program.go:85.25,87.3 1 0
github.com/srodi/ebpf-server/internal/bpf/programs/connection/program.go:90.2,91.17 2 0
github.com/srodi/ebpf-server/internal/bpf/programs/connection/program.go:91.17,93.3 1 0
github.com/srodi/ebpf-server/internal/bpf/programs/connection/program.go:95.2,96.16 2 0
github.com/srodi/ebpf-server/internal/bpf/programs/connection/program.go:96.16,98.3 1 0
github.com/srodi/ebpf-server/internal/bpf/programs/connection/program.go:100.2,104.16 3 0
github.com/srodi/ebpf-server/internal/bpf/programs/connection/program.go:104.16,107.3 2 0
github.com/srodi/ebpf-server/internal/bpf/programs/connection/program.go:109.2,111.12 3 0
github.com/srodi/ebpf-server/internal/bpf/programs/connection/program.go:115.52,116.21 1 0
github.com/srodi/ebpf-server/internal/bpf/programs/connection/program.go:116.21,118.3 1 0
github.com/srodi/ebpf-server/internal/bpf/programs/connection/program.go:120.2,120.15 1 0
github.com/srodi/ebpf-server/internal/bpf/programs/connection/program.go:120.15,122.3 1 0
github.com/srodi/ebpf-server/internal/bpf/programs/connection/program.go:124.2,131.12 5 0
github.com/srodi/ebpf-server/internal/bpf/programs/connection/program.go:135.32,136.16 1 0
github.com/srodi/ebpf-server/internal/bpf/programs/connection/program.go:136.16,138.3 1 0
github.com/srodi/ebpf-server/internal/bpf/programs/connection/program.go:141.2,141.21 1 0
github.com/srodi/ebpf-server/internal/bpf/programs/connection/program.go:141.21,143.3 1 0
github.com/srodi/ebpf-server/internal/bpf/programs/connection/program.go:146.2,146.21 1 0
github.com/srodi/ebpf-server/internal/bpf/programs/connection/program.go:146.21,149.3 2 0
github.com/srodi/ebpf-server/internal/bpf/programs/connection/program.go:152.2,152.28 1 0
github.com/srodi/ebpf-server/internal/bpf/programs/connection/program.go:152.28,153.15 1 0
github.com/srodi/ebpf-server/internal/bpf/programs/connection/program.go:153.15,155.4 1 0
github.com/srodi/ebpf-server/internal/bpf/programs/connection/program.go:157.2,160.25 2 0
github.com/srodi/ebpf-server/internal/bpf/programs/connection/program.go:160.25,163.3 2 0
github.com/srodi/ebpf-server/internal/bpf/programs/connection/program.go:165.2,169.12 4 0
github.com/srodi/ebpf-server/internal/bpf/programs/connection/program.go:173.36,175.2 1 1
github.com/srodi/ebpf-server/internal/bpf/programs/connection/program.go:178.57,180.2 1 1
github.com/srodi/ebpf-server/internal/bpf/programs/connection/program.go:183.83,187.2 2 1
github.com/srodi/ebpf-server/internal/bpf/programs/connection/program.go:190.60,192.59 2 1
github.com/srodi/ebpf-server/internal/bpf/programs/connection/program.go:192.59,194.3 1 1
github.com/srodi/ebpf-server/internal/bpf/programs/connection/program.go:195.2,195.40 1 0
github.com/srodi/ebpf-server/internal/bpf/programs/connection/program.go:199.35,202.6 2 0
github.com/srodi/ebpf-server/internal/bpf/programs/connection/program.go:202.6,203.10 1 0
github.com/srodi/ebpf-server/internal/bpf/programs/connection/program.go:204.23,206.10 2 0
github.com/srodi/ebpf-server/internal/bpf/programs/connection/program.go:207.11,209.18 2 0
github.com/srodi/ebpf-server/internal/bpf/programs/connection/program.go:209.18,210.27 1 0
github.com/srodi/ebpf-server/internal/bpf/programs/connection/program.go:210.27,212.6 1 0
github.com/srodi/ebpf-server/internal/bpf/programs/connection/program.go:213.5,214.13 2 0
github.com/srodi/ebpf-server/internal/bpf/programs/connection/program.go:217.4,217.59 1 0
github.com/srodi/ebpf-server/internal/bpf/programs/connection/program.go:217.59,219.5 1 0
github.com/srodi/ebpf-server/internal/bpf/programs/connection/program.go:225.51,226.20 1 0
github.com/srodi/ebpf-server/internal/bpf/programs/connection/program.go:226.20,228.3 1 0
github.com/srodi/ebpf-server/internal/bpf/programs/connection/program.go:230.2,261.30 14 0
github.com/srodi/ebpf-server/internal/bpf/programs/connection/program.go:261.30,264.3 1 0
github.com/srodi/ebpf-server/internal/bpf/programs/connection/program.go:264.8,264.36 1 0
github.com/srodi/ebpf-server/internal/bpf/programs/connection/program.go:264.36,266.33 1 0
github.com/srodi/ebpf-server/internal/bpf/programs/connection/program.go:266.33,268.4 1 0
github.com/srodi/ebpf-server/internal/bpf/programs/connection/program.go:272.2,272.29 1 0
github.com/srodi/ebpf-server/internal/bpf/programs/connection/program.go:272.29,274.3 1 0
github.com/srodi/ebpf-server/internal/bpf/programs/connection/program.go:277.2,277.48 1 0
github.com/srodi/ebpf-server/internal/bpf/programs/connection/program.go:277.48,279.3 1 0
github.com/srodi/ebpf-server/internal/bpf/programs/connection/program.go:282.2,282.9 1 0
github.com/srodi/ebpf-server/internal/bpf/programs/connection/program.go:283.29,283.29 0 0
github.com/srodi/ebpf-server/internal/bpf/programs/connection/program.go:284.10,285.64 1 0
github.com/srodi/ebpf-server/internal/bpf/programs/connection/program.go:288.2,291.12 2 0
github.com/srodi/ebpf-server/internal/api/handlers.go:117.81,120.56 3 14
github.com/srodi/ebpf-server/internal/api/handlers.go:120.56,122.3 1 0
github.com/srodi/ebpf-server/internal/api/handlers.go:126.80,131.2 1 7
github.com/srodi/ebpf-server/internal/api/handlers.go:144.70,145.33 1 6
github.com/srodi/ebpf-server/internal/api/handlers.go:145.33,148.3 2 0
github.com/srodi/ebpf-server/internal/api/handlers.go:150.2,151.61 2 6
github.com/srodi/ebpf-server/internal/api/handlers.go:151.61,154.3 2 0
github.com/srodi/ebpf-server/internal/api/handlers.go:157.2,158.44 2 6
github.com/srodi/ebpf-server/internal/api/handlers.go:158.44,160.3 1 0
github.com/srodi/ebpf-server/internal/api/handlers.go:163.2,163.22 1 6
github.com/srodi/ebpf-server/internal/api/handlers.go:163.22,166.3 2 1
github.com/srodi/ebpf-server/internal/api/handlers.go:167.2,167.24 1 5
github.com/srodi/ebpf-server/internal/api/handlers.go:167.24,170.3 2 1
github.com/srodi/ebpf-server/internal/api/handlers.go:171.2,171.35 1 4
github.com/srodi/ebpf-server/internal/api/handlers.go:171.35,174.3 2 1
github.com/srodi/ebpf-server/internal/api/handlers.go:175.2,175.35 1 3
github.com/srodi/ebpf-server/internal/api/handlers.go:175.35,178.3 2 1
github.com/srodi/ebpf-server/internal/api/handlers.go:181.2,185.19 4 2
github.com/srodi/ebpf-server/internal/api/handlers.go:185.19,190.3 3 1
github.com/srodi/ebpf-server/internal/api/handlers.go:190.8,195.3 3 1
github.com/srodi/ebpf-server/internal/api/handlers.go:198.2,199.28 2 2
github.com/srodi/ebpf-server/internal/api/handlers.go:199.28,202.3 1 1
github.com/srodi/ebpf-server/internal/api/handlers.go:202.8,205.3 1 1
github.com/srodi/ebpf-server/internal/api/handlers.go:207.2,215.47 2 2
github.com/srodi/ebpf-server/internal/api/handlers.go:219.70,220.33 1 0
github.com/srodi/ebpf-server/internal/api/handlers.go:220.33,223.3 2 0
github.com/srodi/ebpf-server/internal/api/handlers.go:225.2,226.61 2 0
github.com/srodi/ebpf-server/internal/api/handlers.go:226.61,229.3 2 0
github.com/srodi/ebpf-server/internal/api/handlers.go:232.2,233.44 2 0
github.com/srodi/ebpf-server/internal/api/handlers.go:233.44,235.3 1 0
github.com/srodi/ebpf-server/internal/api/handlers.go:238.2,238.22 1 0
github.com/srodi/ebpf-server/internal/api/handlers.go:238.22,241.3 2 0
github.com/srodi/ebpf-server/internal/api/handlers.go:242.2,242.24 1 0
github.com/srodi/ebpf-server/internal/api/handlers.go:242.24,245.3 2 0
github.com/srodi/ebpf-server/internal/api/handlers.go:246.2,246.35 1 0
github.com/srodi/ebpf-server/internal/api/handlers.go:246.35,249.3 2 0
github.com/srodi/ebpf-server/internal/api/handlers.go:250.2,250.35 1 0
github.com/srodi/ebpf-server/internal/api/handlers.go:250.35,253.3 2 0
github.com/srodi/ebpf-server/internal/api/handlers.go:256.2,260.19 4 0
github.com/srodi/ebpf-server/internal/api/handlers.go:260.19,265.3 3 0
github.com/srodi/ebpf-server/internal/api/handlers.go:265.8,270.3 3 0
github.com/srodi/ebpf-server/internal/api/handlers.go:273.2,274.28 2 0
github.com/srodi/ebpf-server/internal/api/handlers.go:274.28,277.3 1 0
github.com/srodi/ebpf-server/internal/api/handlers.go:277.8,280.3 1 0
github.com/srodi/ebpf-server/internal/api/handlers.go:282.2,290.47 2 0
github.com/srodi/ebpf-server/internal/api/handlers.go:294.68,295.32 1 4
github.com/srodi/ebpf-server/internal/api/handlers.go:295.32,298.3 1 2
github.com/srodi/ebpf-server/internal/api/handlers.go:298.8,298.40 1 2
github.com/srodi/ebpf-server/internal/api/handlers.go:298.40,301.3 1 2
github.com/srodi/ebpf-server/internal/api/handlers.go:301.8,303.3 1 0
github.com/srodi/ebpf-server/internal/api/handlers.go:306.71,310.54 2 2
github.com/srodi/ebpf-server/internal/api/handlers.go:310.54,311.51 1 1
github.com/srodi/ebpf-server/internal/api/handlers.go:311.51,314.4 2 0
github.com/srodi/ebpf-server/internal/api/handlers.go:314.9,316.4 1 1
github.com/srodi/ebpf-server/internal/api/handlers.go:319.2,319.60 1 2
github.com/srodi/ebpf-server/internal/api/handlers.go:319.60,320.55 1 1
github.com/srodi/ebpf-server/internal/api/handlers.go:320.55,323.4 2 0
github.com/srodi/ebpf-server/internal/api/handlers.go:323.9,325.4 1 1
github.com/srodi/ebpf-server/internal/api/handlers.go:328.2,328.39 1 2
github.com/srodi/ebpf-server/internal/api/handlers.go:331.72,333.61 2 2
github.com/srodi/ebpf-server/internal/api/handlers.go:333.61,336.3 2 0
github.com/srodi/ebpf-server/internal/api/handlers.go:338.2,338.39 1 2
github.com/srodi/ebpf-server/internal/api/handlers.go:341.87,343.43 1 4
github.com/srodi/ebpf-server/internal/api/handlers.go:343.43,346.3 2 1
github.com/srodi/ebpf-server/internal/api/handlers.go:348.2,349.22 2 3
github.com/srodi/ebpf-server/internal/api/handlers.go:349.22,351.3 1 2
github.com/srodi/ebpf-server/internal/api/handlers.go:354.2,366.52 4 3
github.com/srodi/ebpf-server/internal/api/handlers.go:366.52,368.58 1 0
github.com/srodi/ebpf-server/internal/api/handlers.go:368.58,369.12 1 0
github.com/srodi/ebpf-server/internal/api/handlers.go:372.3,378.32 5 0
github.com/srodi/ebpf-server/internal/api/handlers.go:378.32,379.32 1 0
github.com/srodi/ebpf-server/internal/api/handlers.go:379.32,381.10 2 0
github.com/srodi/ebpf-server/internal/api/handlers.go:384.4,392.16 2 0
github.com/srodi/ebpf-server/internal/api/handlers.go:395.3,395.27 1 0
github.com/srodi/ebpf-server/internal/api/handlers.go:395.27,397.4 1 0
github.com/srodi/ebpf-server/internal/api/handlers.go:400.2,406.20 4 3
github.com/srodi/ebpf-server/internal/api/handlers.go:406.20,408.44 2 1
github.com/srodi/ebpf-server/internal/api/handlers.go:408.44,410.4 1 0
github.com/srodi/ebpf-server/internal/api/handlers.go:411.3,411.81 1 1
github.com/srodi/ebpf-server/internal/api/handlers.go:412.8,414.44 2 2
github.com/srodi/ebpf-server/internal/api/handlers.go:414.44,416.4 1 0
github.com/srodi/ebpf-server/internal/api/handlers.go:417.3,419.23 2 2
github.com/srodi/ebpf-server/internal/api/handlers.go:419.23,421.4 1 0
github.com/srodi/ebpf-server/internal/api/handlers.go:424.2,433.47 3 3
github.com/srodi/ebpf-server/internal/api/handlers.go:437.68,438.18 1 0
github.com/srodi/ebpf-server/internal/api/handlers.go:439.22,440.33 1 0
github.com/srodi/ebpf-server/internal/api/handlers.go:441.23,442.34 1 0
github.com/srodi/ebpf-server/internal/api/handlers.go:443.10,444.94 1 0
github.com/srodi/ebpf-server/internal/api/handlers.go:449.71,456.46 3 0
github.com/srodi/ebpf-server/internal/api/handlers.go:456.46,458.17 2 0
github.com/srodi/ebpf-server/internal/api/handlers.go:458.17,461.4 2 0
github.com/srodi/ebpf-server/internal/api/handlers.go:462.3,462.17 1 0
github.com/srodi/ebpf-server/internal/api/handlers.go:466.2,466.52 1 0
github.com/srodi/ebpf-server/internal/api/handlers.go:466.52,468.17 2 0
github.com/srodi/ebpf-server/internal/api/handlers.go:468.17,471.4 2 0
github.com/srodi/ebpf-server/internal/api/handlers.go:472.3,472.21 1 0
github.com/srodi/ebpf-server/internal/api/handlers.go:475.2,475.39 1 0
github.com/srodi/ebpf-server/internal/api/handlers.go:479.72,481.61 2 0
github.com/srodi/ebpf-server/internal/api/handlers.go:481.61,484.3 2 0
github.com/srodi/ebpf-server/internal/api/handlers.go:486.2,486.39 1 0
github.com/srodi/ebpf-server/internal/api/handlers.go:490.87,492.43 1 0
github.com/srodi/ebpf-server/internal/api/handlers.go:492.43,495.3 2 0
github.com/srodi/ebpf-server/internal/api/handlers.go:497.2,498.22 2 0
github.com/srodi/ebpf-server/internal/api/handlers.go:498.22,500.3 1 0
github.com/srodi/ebpf-server/internal/api/handlers.go:503.2,515.40 4 0
github.com/srodi/ebpf-server/internal/api/handlers.go:515.40,517.52 1 0
github.com/srodi/ebpf-server/internal/api/handlers.go:517.52,518.12 1 0
github.com/srodi/ebpf-server/internal/api/handlers.go:521.3,526.32 5 0
github.com/srodi/ebpf-server/internal/api/handlers.go:526.32,527.32 1 0
github.com/srodi/ebpf-server/internal/api/handlers.go:527.32,529.10 2 0
github.com/srodi/ebpf-server/internal/api/handlers.go:532.4,539.16 2 0
github.com/srodi/ebpf-server/internal/api/handlers.go:542.3,542.21 1 0
github.com/srodi/ebpf-server/internal/api/handlers.go:542.21,544.4 1 0
github.com/srodi/ebpf-server/internal/api/handlers.go:547.2,551.20 3 0
github.com/srodi/ebpf-server/internal/api/handlers.go:551.20,554.3 2 0
github.com/srodi/ebpf-server/internal/api/handlers.go:554.8,556.38 2 0
github.com/srodi/ebpf-server/internal/api/handlers.go:556.38,558.4 1 0
github.com/srodi/ebpf-server/internal/api/handlers.go:559.3,559.99 1 0
github.com/srodi/ebpf-server/internal/api/handlers.go:562.2,562.22 1 0
github.com/srodi/ebpf-server/internal/api/handlers.go:562.22,564.3 1 0
github.com/srodi/ebpf-server/internal/api/handlers.go:566.2,575.47 3 0
github.com/srodi/ebpf-server/internal/api/handlers.go:586.59,587.32 1 2
github.com/srodi/ebpf-server/internal/api/handlers.go:587.32,590.3 2 1
github.com/srodi/ebpf-server/internal/api/handlers.go:592.2,598.45 2 1
github.com/srodi/ebpf-server/internal/api/handlers.go:609.61,610.32 1 0
github.com/srodi/ebpf-server/internal/api/handlers.go:610.32,613.3 2 0
github.com/srodi/ebpf-server/internal/api/handlers.go:615.2,616.20 2 0
github.com/srodi/ebpf-server/internal/api/handlers.go:616.20,619.3 2 0
github.com/srodi/ebpf-server/internal/api/handlers.go:621.2,622.48 2 0
github.com/srodi/ebpf-server/internal/api/handlers.go:622.48,624.60 2 0
github.com/srodi/ebpf-server/internal/api/handlers.go:624.60,625.37 1 0
github.com/srodi/ebpf-server/internal/api/handlers.go:625.37,627.5 1 0
github.com/srodi/ebpf-server/internal/api/handlers.go:630.3,635.5 1 0
github.com/srodi/ebpf-server/internal/api/handlers.go:638.2,644.47 2 0
github.com/srodi/ebpf-server/internal/api/handlers.go:661.59,662.32 1 0
github.com/srodi/ebpf-server/internal/api/handlers.go:662.32,665.3 2 0
github.com/srodi/ebpf-server/internal/api/handlers.go:668.2,675.18 7 0
github.com/srodi/ebpf-server/internal/api/handlers.go:675.18,676.67 1 0
github.com/srodi/ebpf-server/internal/api/handlers.go:676.67,679.4 2 0
github.com/srodi/ebpf-server/internal/api/handlers.go:679.9,681.4 1 0
github.com/srodi/ebpf-server/internal/api/handlers.go:684.2,685.23 2 0
github.com/srodi/ebpf-server/internal/api/handlers.go:685.23,686.81 1 0
github.com/srodi/ebpf-server/internal/api/handlers.go:686.81,689.4 2 0
github.com/srodi/ebpf-server/internal/api/handlers.go:689.9,691.4 1 0
github.com/srodi/ebpf-server/internal/api/handlers.go:694.2,695.20 2 0
github.com/srodi/ebpf-server/internal/api/handlers.go:695.20,696.72 1 0
github.com/srodi/ebpf-server/internal/api/handlers.go:696.72,699.4 2 0
github.com/srodi/ebpf-server/internal/api/handlers.go:699.9,701.4 1 0
github.com/srodi/ebpf-server/internal/api/handlers.go:704.2,705.20 2 0
github.com/srodi/ebpf-server/internal/api/handlers.go:705.20,708.3 2 0
github.com/srodi/ebpf-server/internal/api/handlers.go:710.2,714.16 4 0
github.com/srodi/ebpf-server/internal/api/handlers.go:714.16,717.3 2 0
github.com/srodi/ebpf-server/internal/api/handlers.go:720.2,720.25 1 0
github.com/srodi/ebpf-server/internal/api/handlers.go:720.25,722.3 1 0
github.com/srodi/ebpf-server/internal/api/handlers.go:724.2,737.47 2 0
github.com/srodi/ebpf-server/pkg/logger/logger.go:25.13,27.2 1 1
github.com/srodi/ebpf-server/pkg/logger/logger.go:30.34,35.2 1 4
github.com/srodi/ebpf-server/pkg/logger/logger.go:38.31,40.2 1 5
github.com/srodi/ebpf-server/pkg/logger/logger.go:43.17,45.2 1 1
github.com/srodi/ebpf-server/pkg/logger/logger.go:48.29,50.2 1 1
github.com/srodi/ebpf-server/pkg/logger/logger.go:53.45,55.2 1 1
github.com/srodi/ebpf-server/pkg/logger/logger.go:58.30,59.34 1 1
github.com/srodi/ebpf-server/pkg/logger/logger.go:59.34,62.3 2 1
github.com/srodi/ebpf-server/pkg/logger/logger.go:66.46,67.34 1 1
github.com/srodi/ebpf-server/pkg/logger/logger.go:67.34,69.3 1 1
github.com/srodi/ebpf-server/pkg/logger/logger.go:73.30,75.2 1 0
github.com/srodi/ebpf-server/pkg/logger/logger.go:78.46,80.2 1 0
github.com/srodi/ebpf-server/pkg/logger/logger.go:83.30,86.2 2 0
github.com/srodi/ebpf-server/pkg/logger/logger.go:89.46,91.2 1 0
github.com/srodi/ebpf-server/pkg/logger/logger.go:94.28,96.2 1 2
